<?xml version="1.0" encoding="UTF-8"?>
<!-- Generated by org.testng.reporters.JUnitXMLReporter -->
<testsuite ignored="0" hostname="Preethis-MacBook-Air.local" failures="0" tests="5" name="In Warranty Flow Test" time="6.736" errors="0" timestamp="2026-09-10T21:00:56 CEST">
  <testcase classname="com.api.tests.LoginApiTest" name="loginApiTest" time="3.453"/>
  <testcase classname="com.api.tests.UserDetailsApi" name="UserDetailsApiTest" time="0.929"/>
  <testcase classname="com.api.tests.CountAPITest" name="CountAPIResponse_Missing" time="0.503"/>
  <testcase classname="com.api.tests.CountAPITest" name="verifyCountAPIResponse" time="0.892"/>
  <testcase classname="com.api.tests.MasterAPI" name="masterAPItest" time="0.897"/>
</testsuite> <!-- In Warranty Flow Test -->
