<?xml version="1.0" encoding="UTF-8"?>
<!-- Generated by org.testng.reporters.JUnitReportReporter -->
<testsuite hostname="Preethis-MacBook-Air.local" failures="0" tests="2" name="com.api.tests.CountAPITest" time="1.395" errors="0" timestamp="2026-09-10T21:00:56 CEST" skipped="0">
  <testcase classname="com.api.tests.CountAPITest" name="verifyCountAPIResponse" time="0.892"/>
  <testcase classname="com.api.tests.CountAPITest" name="CountAPIResponse_Missing" time="0.503"/>
</testsuite> <!-- com.api.tests.CountAPITest -->
